ExInformerUI/build/outputs/logs/manifest-merger-release-report.txt
-- Merging decision tree log ---
manifest
ADDED from src/main/AndroidManifest.xml:2:1-80:12
	xmlns:android
		ADDED from src/main/AndroidManifest.xml:2:11-69
	package
		ADDED from src/main/AndroidManifest.xml:3:11-40
	android:versionName
		ADDED from src/main/AndroidManifest.xml:5:11-38
		INJECTED from src/main/AndroidManifest.xml
		INJECTED from src/main/AndroidManifest.xml
	android:versionCode
		ADDED from src/main/AndroidManifest.xml:4:11-34
		INJECTED from src/main/AndroidManifest.xml
		INJECTED from src/main/AndroidManifest.xml
	android:installLocation
		ADDED from src/main/AndroidManifest.xml:6:11-41
uses-sdk
ADDED from src/main/AndroidManifest.xml:7:5-9:44
MERGED from [ExInformer:exinformerlib:unspecified] AndroidManifest.xml:7:5-9:41
MERGED from [com.android.support:support-v4:22.2.0] AndroidManifest.xml:20:5-43
MERGED from [com.android.support:appcompat-v7:22.2.0] AndroidManifest.xml:20:5-43
MERGED from [com.android.support:support-v4:22.2.0] AndroidManifest.xml:20:5-43
MERGED from [asia.ivity.android:drag-sort-listview:1.0] AndroidManifest.xml:6:5-7:35
MERGED from [com.android.support:support-v4:22.2.0] AndroidManifest.xml:20:5-43
	android:targetSdkVersion
		ADDED from src/main/AndroidManifest.xml:9:13-42
		INJECTED from src/main/AndroidManifest.xml
		INJECTED from src/main/AndroidManifest.xml
	android:minSdkVersion
		ADDED from src/main/AndroidManifest.xml:7:15-40
		INJECTED from src/main/AndroidManifest.xml
		INJECTED from src/main/AndroidManifest.xml
	android:maxSdkVersion
		ADDED from src/main/AndroidManifest.xml:8:13-39
uses-permission#android.permission.INTERNET
ADDED from src/main/AndroidManifest.xml:10:5-66
	android:name
		ADDED from src/main/AndroidManifest.xml:10:22-64
uses-permission#android.permission.ACCESS_NETWORK_STATE
ADDED from src/main/AndroidManifest.xml:11:5-78
	android:name
		ADDED from src/main/AndroidManifest.xml:11:22-76
uses-permission#android.permission.CHANGE_NETWORK_STATE
ADDED from src/main/AndroidManifest.xml:12:5-78
	android:name
		ADDED from src/main/AndroidManifest.xml:12:22-76
uses-permission#android.permission.RECEIVE_BOOT_COMPLETED
ADDED from src/main/AndroidManifest.xml:13:5-80
	android:name
		ADDED from src/main/AndroidManifest.xml:13:22-78
uses-permission#android.permission.WRITE_EXTERNAL_STORAGE
ADDED from src/main/AndroidManifest.xml:14:5-80
	android:name
		ADDED from src/main/AndroidManifest.xml:14:22-78
application
ADDED from src/main/AndroidManifest.xml:15:5-79:19
MERGED from [ExInformer:exinformerlib:unspecified] AndroidManifest.xml:11:5-12:19
MERGED from [com.android.support:support-v4:22.2.0] AndroidManifest.xml:22:5-20
MERGED from [com.android.support:appcompat-v7:22.2.0] AndroidManifest.xml:22:5-20
MERGED from [com.android.support:support-v4:22.2.0] AndroidManifest.xml:22:5-20
MERGED from [com.android.support:support-v4:22.2.0] AndroidManifest.xml:22:5-20
	android:label
		ADDED from src/main/AndroidManifest.xml:15:18-50
	android:icon
		ADDED from src/main/AndroidManifest.xml:16:18-48
activity#ru.openitr.cbrfinfo.MainActivity
ADDED from src/main/AndroidManifest.xml:17:9-25:20
	android:label
		ADDED from src/main/AndroidManifest.xml:18:19-52
	android:theme
		ADDED from src/main/AndroidManifest.xml:19:19-54
	android:name
		ADDED from src/main/AndroidManifest.xml:17:19-47
intent-filter#android.intent.action.MAIN+android.intent.category.LAUNCHER
ADDED from src/main/AndroidManifest.xml:21:13-24:29
action#android.intent.action.MAIN
ADDED from src/main/AndroidManifest.xml:22:17-68
	android:name
		ADDED from src/main/AndroidManifest.xml:22:25-66
category#android.intent.category.LAUNCHER
ADDED from src/main/AndroidManifest.xml:23:17-76
	android:name
		ADDED from src/main/AndroidManifest.xml:23:27-74
activity#ru.openitr.cbrfinfo.WidgetConfActivity
ADDED from src/main/AndroidManifest.xml:26:9-30:20
	android:name
		ADDED from src/main/AndroidManifest.xml:26:19-53
intent-filter#android.appwidget.action.APPWIDGET_CONFIGURE
ADDED from src/main/AndroidManifest.xml:27:14-29:30
action#android.appwidget.action.APPWIDGET_CONFIGURE
ADDED from src/main/AndroidManifest.xml:28:18-87
	android:name
		ADDED from src/main/AndroidManifest.xml:28:26-85
activity#ru.openitr.cbrfinfo.BasePreferencesActivity
ADDED from src/main/AndroidManifest.xml:32:9-34:20
	android:label
		ADDED from src/main/AndroidManifest.xml:33:19-59
	android:name
		ADDED from src/main/AndroidManifest.xml:32:19-77
provider#ru.openitr.cbrfinfo.CBInfoProvider
ADDED from src/main/AndroidManifest.xml:37:9-40:20
	android:exported
		ADDED from src/main/AndroidManifest.xml:39:15-39
	android:authorities
		ADDED from src/main/AndroidManifest.xml:38:15-92
	android:name
		ADDED from src/main/AndroidManifest.xml:37:19-49
receiver#ru.openitr.cbrfinfo.InfoWidget
ADDED from src/main/AndroidManifest.xml:42:8-58:20
	android:label
		ADDED from src/main/AndroidManifest.xml:45:9-41
	android:icon
		ADDED from src/main/AndroidManifest.xml:44:9-39
	android:name
		ADDED from src/main/AndroidManifest.xml:43:9-35
intent-filter#android.appwidget.action.APPWIDGET_UPDATE
ADDED from src/main/AndroidManifest.xml:46:9-50:25
action#android.appwidget.action.APPWIDGET_UPDATE
ADDED from src/main/AndroidManifest.xml:47:13-49:22
	android:name
		ADDED from src/main/AndroidManifest.xml:48:17-73
intent-filter#ru.openitr.cbrfinfo.INFO_UPDATED
ADDED from src/main/AndroidManifest.xml:51:9-53:25
action#ru.openitr.cbrfinfo.INFO_UPDATED
ADDED from src/main/AndroidManifest.xml:52:13-70
	android:name
		ADDED from src/main/AndroidManifest.xml:52:21-68
meta-data#android.appwidget.provider
ADDED from src/main/AndroidManifest.xml:54:13-57:25
	android:resource
		ADDED from src/main/AndroidManifest.xml:56:17-60
	android:name
		ADDED from src/main/AndroidManifest.xml:55:17-58
receiver#ru.openitr.cbrfinfo.CurInfoRefreshReciever
ADDED from src/main/AndroidManifest.xml:60:9-66:20
	android:name
		ADDED from src/main/AndroidManifest.xml:60:19-57
intent-filter#android.intent.action.BOOT_COMPLETED+android.intent.action.QUICKBOOT_POWERON+ru.openitr.cbrfinfo.ACTION_REFRESH_CUR_INFO_ALARM
ADDED from src/main/AndroidManifest.xml:61:13-65:29
action#ru.openitr.cbrfinfo.ACTION_REFRESH_CUR_INFO_ALARM
ADDED from src/main/AndroidManifest.xml:62:17-91
	android:name
		ADDED from src/main/AndroidManifest.xml:62:25-89
action#android.intent.action.BOOT_COMPLETED
ADDED from src/main/AndroidManifest.xml:63:17-78
	android:name
		ADDED from src/main/AndroidManifest.xml:63:25-76
action#android.intent.action.QUICKBOOT_POWERON
ADDED from src/main/AndroidManifest.xml:64:17-82
	android:name
		ADDED from src/main/AndroidManifest.xml:64:25-79
receiver#ru.openitr.cbrfinfo.MetInfoRefreshReciever
ADDED from src/main/AndroidManifest.xml:68:9-74:20
	android:name
		ADDED from src/main/AndroidManifest.xml:68:19-57
intent-filter#android.intent.action.BOOT_COMPLETED+android.intent.action.QUICKBOOT_POWERON+ru.openitr.cbrfinfo.ACTION_REFRESH_MET_INFO_ALARM
ADDED from src/main/AndroidManifest.xml:69:13-73:29
action#ru.openitr.cbrfinfo.ACTION_REFRESH_MET_INFO_ALARM
ADDED from src/main/AndroidManifest.xml:70:17-91
	android:name
		ADDED from src/main/AndroidManifest.xml:70:25-89
service#ru.openitr.cbrfinfo.CurInfoRefreshService
ADDED from src/main/AndroidManifest.xml:77:9-80
	android:enabled
		ADDED from src/main/AndroidManifest.xml:77:18-40
	android:name
		ADDED from src/main/AndroidManifest.xml:77:41-78
service#ru.openitr.cbrfinfo.MetInfoRefreshService
ADDED from src/main/AndroidManifest.xml:78:9-80
	android:enabled
		ADDED from src/main/AndroidManifest.xml:78:18-40
	android:name
		ADDED from src/main/AndroidManifest.xml:78:41-78